:DIR /data/datalocal_videoapps01/user/kudva/DM812x/Others/bin
:FILE /data/datalocal_videoapps01/user/kudva/DM812x/Others/bin/abs470
:FILE /data/datalocal_videoapps01/user/kudva/DM812x/Others/bin/acp470
:FILE /data/datalocal_videoapps01/user/kudva/DM812x/Others/bin/acpia470
:FILE /data/datalocal_videoapps01/user/kudva/DM812x/Others/bin/ar470
:FILE /data/datalocal_videoapps01/user/kudva/DM812x/Others/bin/asm470
:FILE /data/datalocal_videoapps01/user/kudva/DM812x/Others/bin/cg470
:FILE /data/datalocal_videoapps01/user/kudva/DM812x/Others/bin/cg470g3
:FILE /data/datalocal_videoapps01/user/kudva/DM812x/Others/bin/cl470
:FILE /data/datalocal_videoapps01/user/kudva/DM812x/Others/bin/clist470
:FILE /data/datalocal_videoapps01/user/kudva/DM812x/Others/bin/dem470
:FILE /data/datalocal_videoapps01/user/kudva/DM812x/Others/bin/dis470
:FILE /data/datalocal_videoapps01/user/kudva/DM812x/Others/bin/embed470
:FILE /data/datalocal_videoapps01/user/kudva/DM812x/Others/bin/hex470
:FILE /data/datalocal_videoapps01/user/kudva/DM812x/Others/bin/ilk470
:FILE /data/datalocal_videoapps01/user/kudva/DM812x/Others/bin/libinfo470
:FILE /data/datalocal_videoapps01/user/kudva/DM812x/Others/bin/lnk470
:FILE /data/datalocal_videoapps01/user/kudva/DM812x/Others/bin/mk470
:FILE /data/datalocal_videoapps01/user/kudva/DM812x/Others/bin/nm470
:FILE /data/datalocal_videoapps01/user/kudva/DM812x/Others/bin/ofd470
:FILE /data/datalocal_videoapps01/user/kudva/DM812x/Others/bin/opt470
:FILE /data/datalocal_videoapps01/user/kudva/DM812x/Others/bin/sdp470
:FILE /data/datalocal_videoapps01/user/kudva/DM812x/Others/bin/strip470
:FILE /data/datalocal_videoapps01/user/kudva/DM812x/Others/bin/xref470
:FILE /data/datalocal_videoapps01/user/kudva/DM812x/Others/LICENSE.txt
:FILE /data/datalocal_videoapps01/user/kudva/DM812x/Others/DefectHistory.txt
:FILE /data/datalocal_videoapps01/user/kudva/DM812x/Others/LINKER_GENERATED_CRC_README.txt
:FILE /data/datalocal_videoapps01/user/kudva/DM812x/Others/misra.txt
:FILE /data/datalocal_videoapps01/user/kudva/DM812x/Others/README.txt
:DIR /data/datalocal_videoapps01/user/kudva/DM812x/Others/docs
:FILE /data/datalocal_videoapps01/user/kudva/DM812x/Others/docs/CombiningExecutableFilesForROMing.pdf
:FILE /data/datalocal_videoapps01/user/kudva/DM812x/Others/docs/TMS470EABIMigration.pdf
:DIR /data/datalocal_videoapps01/user/kudva/DM812x/Others/docs/dinkum
:DIR /data/datalocal_videoapps01/user/kudva/DM812x/Others/docs/dinkum/c++
:FILE /data/datalocal_videoapps01/user/kudva/DM812x/Others/docs/dinkum/c++/_index.html
:FILE /data/datalocal_videoapps01/user/kudva/DM812x/Others/docs/dinkum/c++/algorith.html
:FILE /data/datalocal_videoapps01/user/kudva/DM812x/Others/docs/dinkum/c++/assert.html
:FILE /data/datalocal_videoapps01/user/kudva/DM812x/Others/docs/dinkum/c++/bitset.html
:FILE /data/datalocal_videoapps01/user/kudva/DM812x/Others/docs/dinkum/c++/cassert.html
:FILE /data/datalocal_videoapps01/user/kudva/DM812x/Others/docs/dinkum/c++/cctype.html
:FILE /data/datalocal_videoapps01/user/kudva/DM812x/Others/docs/dinkum/c++/cerrno.html
:FILE /data/datalocal_videoapps01/user/kudva/DM812x/Others/docs/dinkum/c++/cfloat.html
:FILE /data/datalocal_videoapps01/user/kudva/DM812x/Others/docs/dinkum/c++/charset.html
:FILE /data/datalocal_videoapps01/user/kudva/DM812x/Others/docs/dinkum/c++/ciso646.html
:FILE /data/datalocal_videoapps01/user/kudva/DM812x/Others/docs/dinkum/c++/climits.html
:FILE /data/datalocal_videoapps01/user/kudva/DM812x/Others/docs/dinkum/c++/clocale.html
:FILE /data/datalocal_videoapps01/user/kudva/DM812x/Others/docs/dinkum/c++/cmath.html
:FILE /data/datalocal_videoapps01/user/kudva/DM812x/Others/docs/dinkum/c++/complex.html
:FILE /data/datalocal_videoapps01/user/kudva/DM812x/Others/docs/dinkum/c++/crit_hp.html
:FILE /data/datalocal_videoapps01/user/kudva/DM812x/Others/docs/dinkum/c++/crit_pb.html
:FILE /data/datalocal_videoapps01/user/kudva/DM812x/Others/docs/dinkum/c++/crit_pjp.html
:FILE /data/datalocal_videoapps01/user/kudva/DM812x/Others/docs/dinkum/c++/csetjmp.html
:FILE /data/datalocal_videoapps01/user/kudva/DM812x/Others/docs/dinkum/c++/csignal.html
:FILE /data/datalocal_videoapps01/user/kudva/DM812x/Others/docs/dinkum/c++/cstdarg.html
:FILE /data/datalocal_videoapps01/user/kudva/DM812x/Others/docs/dinkum/c++/cstddef.html
:FILE /data/datalocal_videoapps01/user/kudva/DM812x/Others/docs/dinkum/c++/cstdio.html
:FILE /data/datalocal_videoapps01/user/kudva/DM812x/Others/docs/dinkum/c++/cstdlib.html
:FILE /data/datalocal_videoapps01/user/kudva/DM812x/Others/docs/dinkum/c++/cstring.html
:FILE /data/datalocal_videoapps01/user/kudva/DM812x/Others/docs/dinkum/c++/ctime.html
:FILE /data/datalocal_videoapps01/user/kudva/DM812x/Others/docs/dinkum/c++/ctype.gif
:FILE /data/datalocal_videoapps01/user/kudva/DM812x/Others/docs/dinkum/c++/ctype.html
:FILE /data/datalocal_videoapps01/user/kudva/DM812x/Others/docs/dinkum/c++/cwchar.html
:FILE /data/datalocal_videoapps01/user/kudva/DM812x/Others/docs/dinkum/c++/cwctype.html
:FILE /data/datalocal_videoapps01/user/kudva/DM812x/Others/docs/dinkum/c++/deque.html
:FILE /data/datalocal_videoapps01/user/kudva/DM812x/Others/docs/dinkum/c++/errno.html
:FILE /data/datalocal_videoapps01/user/kudva/DM812x/Others/docs/dinkum/c++/escape.gif
:FILE /data/datalocal_videoapps01/user/kudva/DM812x/Others/docs/dinkum/c++/exceptio.html
:FILE /data/datalocal_videoapps01/user/kudva/DM812x/Others/docs/dinkum/c++/express.html
:FILE /data/datalocal_videoapps01/user/kudva/DM812x/Others/docs/dinkum/c++/float.html
:FILE /data/datalocal_videoapps01/user/kudva/DM812x/Others/docs/dinkum/c++/format.gif
:FILE /data/datalocal_videoapps01/user/kudva/DM812x/Others/docs/dinkum/c++/fstream.html
:FILE /data/datalocal_videoapps01/user/kudva/DM812x/Others/docs/dinkum/c++/fstream2.html
:FILE /data/datalocal_videoapps01/user/kudva/DM812x/Others/docs/dinkum/c++/functio2.html
:FILE /data/datalocal_videoapps01/user/kudva/DM812x/Others/docs/dinkum/c++/function.html
:FILE /data/datalocal_videoapps01/user/kudva/DM812x/Others/docs/dinkum/c++/hash_map.html
:FILE /data/datalocal_videoapps01/user/kudva/DM812x/Others/docs/dinkum/c++/hash_set.html
:FILE /data/datalocal_videoapps01/user/kudva/DM812x/Others/docs/dinkum/c++/index.html
:FILE /data/datalocal_videoapps01/user/kudva/DM812x/Others/docs/dinkum/c++/iomanip.html
:FILE /data/datalocal_videoapps01/user/kudva/DM812x/Others/docs/dinkum/c++/iomanip2.html
:FILE /data/datalocal_videoapps01/user/kudva/DM812x/Others/docs/dinkum/c++/ios.html
:FILE /data/datalocal_videoapps01/user/kudva/DM812x/Others/docs/dinkum/c++/iosfwd.html
:FILE /data/datalocal_videoapps01/user/kudva/DM812x/Others/docs/dinkum/c++/iostrea2.html
:FILE /data/datalocal_videoapps01/user/kudva/DM812x/Others/docs/dinkum/c++/iostream.html
:FILE /data/datalocal_videoapps01/user/kudva/DM812x/Others/docs/dinkum/c++/iso646.html
:FILE /data/datalocal_videoapps01/user/kudva/DM812x/Others/docs/dinkum/c++/istream.html
:FILE /data/datalocal_videoapps01/user/kudva/DM812x/Others/docs/dinkum/c++/iterator.html
:FILE /data/datalocal_videoapps01/user/kudva/DM812x/Others/docs/dinkum/c++/lib_cont.html
:FILE /data/datalocal_videoapps01/user/kudva/DM812x/Others/docs/dinkum/c++/lib_cpp.html
:FILE /data/datalocal_videoapps01/user/kudva/DM812x/Others/docs/dinkum/c++/lib_file.html
:FILE /data/datalocal_videoapps01/user/kudva/DM812x/Others/docs/dinkum/c++/lib_over.html
:FILE /data/datalocal_videoapps01/user/kudva/DM812x/Others/docs/dinkum/c++/lib_prin.html
:FILE /data/datalocal_videoapps01/user/kudva/DM812x/Others/docs/dinkum/c++/lib_scan.html
:FILE /data/datalocal_videoapps01/user/kudva/DM812x/Others/docs/dinkum/c++/lib_stl.html
:FILE /data/datalocal_videoapps01/user/kudva/DM812x/Others/docs/dinkum/c++/limits.html
:FILE /data/datalocal_videoapps01/user/kudva/DM812x/Others/docs/dinkum/c++/limits2.html
:FILE /data/datalocal_videoapps01/user/kudva/DM812x/Others/docs/dinkum/c++/list.html
:FILE /data/datalocal_videoapps01/user/kudva/DM812x/Others/docs/dinkum/c++/locale.html
:FILE /data/datalocal_videoapps01/user/kudva/DM812x/Others/docs/dinkum/c++/locale2.html
:FILE /data/datalocal_videoapps01/user/kudva/DM812x/Others/docs/dinkum/c++/map.html
:FILE /data/datalocal_videoapps01/user/kudva/DM812x/Others/docs/dinkum/c++/math.html
:FILE /data/datalocal_videoapps01/user/kudva/DM812x/Others/docs/dinkum/c++/memory.html
:FILE /data/datalocal_videoapps01/user/kudva/DM812x/Others/docs/dinkum/c++/new.html
:FILE /data/datalocal_videoapps01/user/kudva/DM812x/Others/docs/dinkum/c++/new2.html
:FILE /data/datalocal_videoapps01/user/kudva/DM812x/Others/docs/dinkum/c++/numeric.html
:FILE /data/datalocal_videoapps01/user/kudva/DM812x/Others/docs/dinkum/c++/ostream.html
:FILE /data/datalocal_videoapps01/user/kudva/DM812x/Others/docs/dinkum/c++/preproc.html
:FILE /data/datalocal_videoapps01/user/kudva/DM812x/Others/docs/dinkum/c++/print.gif
:FILE /data/datalocal_videoapps01/user/kudva/DM812x/Others/docs/dinkum/c++/queue.html
:FILE /data/datalocal_videoapps01/user/kudva/DM812x/Others/docs/dinkum/c++/README.txt
:FILE /data/datalocal_videoapps01/user/kudva/DM812x/Others/docs/dinkum/c++/scan.gif
:FILE /data/datalocal_videoapps01/user/kudva/DM812x/Others/docs/dinkum/c++/set.html
:FILE /data/datalocal_videoapps01/user/kudva/DM812x/Others/docs/dinkum/c++/setjmp.html
:FILE /data/datalocal_videoapps01/user/kudva/DM812x/Others/docs/dinkum/c++/signal.html
:FILE /data/datalocal_videoapps01/user/kudva/DM812x/Others/docs/dinkum/c++/slist.html
:FILE /data/datalocal_videoapps01/user/kudva/DM812x/Others/docs/dinkum/c++/sstream.html
:FILE /data/datalocal_videoapps01/user/kudva/DM812x/Others/docs/dinkum/c++/stack.html
:FILE /data/datalocal_videoapps01/user/kudva/DM812x/Others/docs/dinkum/c++/stdarg.html
:FILE /data/datalocal_videoapps01/user/kudva/DM812x/Others/docs/dinkum/c++/stddef.html
:FILE /data/datalocal_videoapps01/user/kudva/DM812x/Others/docs/dinkum/c++/stdexcep.html
:FILE /data/datalocal_videoapps01/user/kudva/DM812x/Others/docs/dinkum/c++/stdio.html
:FILE /data/datalocal_videoapps01/user/kudva/DM812x/Others/docs/dinkum/c++/stdlib.html
:FILE /data/datalocal_videoapps01/user/kudva/DM812x/Others/docs/dinkum/c++/stl.html
:FILE /data/datalocal_videoapps01/user/kudva/DM812x/Others/docs/dinkum/c++/stream.gif
:FILE /data/datalocal_videoapps01/user/kudva/DM812x/Others/docs/dinkum/c++/streambu.html
:FILE /data/datalocal_videoapps01/user/kudva/DM812x/Others/docs/dinkum/c++/string.html
:FILE /data/datalocal_videoapps01/user/kudva/DM812x/Others/docs/dinkum/c++/string2.html
:FILE /data/datalocal_videoapps01/user/kudva/DM812x/Others/docs/dinkum/c++/strstrea.html
:FILE /data/datalocal_videoapps01/user/kudva/DM812x/Others/docs/dinkum/c++/strtod.gif
:FILE /data/datalocal_videoapps01/user/kudva/DM812x/Others/docs/dinkum/c++/strtod0.gif
:FILE /data/datalocal_videoapps01/user/kudva/DM812x/Others/docs/dinkum/c++/strtodx.gif
:FILE /data/datalocal_videoapps01/user/kudva/DM812x/Others/docs/dinkum/c++/strtol.gif
:FILE /data/datalocal_videoapps01/user/kudva/DM812x/Others/docs/dinkum/c++/time.gif
:FILE /data/datalocal_videoapps01/user/kudva/DM812x/Others/docs/dinkum/c++/time.html
:FILE /data/datalocal_videoapps01/user/kudva/DM812x/Others/docs/dinkum/c++/typeinfo.html
:FILE /data/datalocal_videoapps01/user/kudva/DM812x/Others/docs/dinkum/c++/utility.html
:FILE /data/datalocal_videoapps01/user/kudva/DM812x/Others/docs/dinkum/c++/valarray.html
:FILE /data/datalocal_videoapps01/user/kudva/DM812x/Others/docs/dinkum/c++/vector.html
:FILE /data/datalocal_videoapps01/user/kudva/DM812x/Others/docs/dinkum/c++/wchar.html
:FILE /data/datalocal_videoapps01/user/kudva/DM812x/Others/docs/dinkum/c++/wctype.html
:DIR /data/datalocal_videoapps01/user/kudva/DM812x/Others/docs/dinkum/c99
:FILE /data/datalocal_videoapps01/user/kudva/DM812x/Others/docs/dinkum/c99/_index.html
:FILE /data/datalocal_videoapps01/user/kudva/DM812x/Others/docs/dinkum/c99/assert.html
:FILE /data/datalocal_videoapps01/user/kudva/DM812x/Others/docs/dinkum/c99/charset.html
:FILE /data/datalocal_videoapps01/user/kudva/DM812x/Others/docs/dinkum/c99/complex2.html
:FILE /data/datalocal_videoapps01/user/kudva/DM812x/Others/docs/dinkum/c99/crit_pb.html
:FILE /data/datalocal_videoapps01/user/kudva/DM812x/Others/docs/dinkum/c99/ctype.gif
:FILE /data/datalocal_videoapps01/user/kudva/DM812x/Others/docs/dinkum/c99/ctype.html
:FILE /data/datalocal_videoapps01/user/kudva/DM812x/Others/docs/dinkum/c99/errno.html
:FILE /data/datalocal_videoapps01/user/kudva/DM812x/Others/docs/dinkum/c99/escape.gif
:FILE /data/datalocal_videoapps01/user/kudva/DM812x/Others/docs/dinkum/c99/express.html
:FILE /data/datalocal_videoapps01/user/kudva/DM812x/Others/docs/dinkum/c99/fenv.html
:FILE /data/datalocal_videoapps01/user/kudva/DM812x/Others/docs/dinkum/c99/float.html
:FILE /data/datalocal_videoapps01/user/kudva/DM812x/Others/docs/dinkum/c99/format.gif
:FILE /data/datalocal_videoapps01/user/kudva/DM812x/Others/docs/dinkum/c99/function.html
:FILE /data/datalocal_videoapps01/user/kudva/DM812x/Others/docs/dinkum/c99/index.html
:FILE /data/datalocal_videoapps01/user/kudva/DM812x/Others/docs/dinkum/c99/inttypes.html
:FILE /data/datalocal_videoapps01/user/kudva/DM812x/Others/docs/dinkum/c99/iso646.html
:FILE /data/datalocal_videoapps01/user/kudva/DM812x/Others/docs/dinkum/c99/lib_file.html
:FILE /data/datalocal_videoapps01/user/kudva/DM812x/Others/docs/dinkum/c99/lib_over.html
:FILE /data/datalocal_videoapps01/user/kudva/DM812x/Others/docs/dinkum/c99/lib_prin.html
:FILE /data/datalocal_videoapps01/user/kudva/DM812x/Others/docs/dinkum/c99/lib_scan.html
:FILE /data/datalocal_videoapps01/user/kudva/DM812x/Others/docs/dinkum/c99/limits.html
:FILE /data/datalocal_videoapps01/user/kudva/DM812x/Others/docs/dinkum/c99/locale.html
:FILE /data/datalocal_videoapps01/user/kudva/DM812x/Others/docs/dinkum/c99/math.html
:FILE /data/datalocal_videoapps01/user/kudva/DM812x/Others/docs/dinkum/c99/preproc.html
:FILE /data/datalocal_videoapps01/user/kudva/DM812x/Others/docs/dinkum/c99/print.gif
:FILE /data/datalocal_videoapps01/user/kudva/DM812x/Others/docs/dinkum/c99/README.txt
:FILE /data/datalocal_videoapps01/user/kudva/DM812x/Others/docs/dinkum/c99/scan.gif
:FILE /data/datalocal_videoapps01/user/kudva/DM812x/Others/docs/dinkum/c99/setjmp.html
:FILE /data/datalocal_videoapps01/user/kudva/DM812x/Others/docs/dinkum/c99/signal.html
:FILE /data/datalocal_videoapps01/user/kudva/DM812x/Others/docs/dinkum/c99/stdarg.html
:FILE /data/datalocal_videoapps01/user/kudva/DM812x/Others/docs/dinkum/c99/stdbool.html
:FILE /data/datalocal_videoapps01/user/kudva/DM812x/Others/docs/dinkum/c99/stddef.html
:FILE /data/datalocal_videoapps01/user/kudva/DM812x/Others/docs/dinkum/c99/stdint.html
:FILE /data/datalocal_videoapps01/user/kudva/DM812x/Others/docs/dinkum/c99/stdio.html
:FILE /data/datalocal_videoapps01/user/kudva/DM812x/Others/docs/dinkum/c99/stdlib.html
:FILE /data/datalocal_videoapps01/user/kudva/DM812x/Others/docs/dinkum/c99/stream.gif
:FILE /data/datalocal_videoapps01/user/kudva/DM812x/Others/docs/dinkum/c99/string.html
:FILE /data/datalocal_videoapps01/user/kudva/DM812x/Others/docs/dinkum/c99/strtod.gif
:FILE /data/datalocal_videoapps01/user/kudva/DM812x/Others/docs/dinkum/c99/strtod0.gif
:FILE /data/datalocal_videoapps01/user/kudva/DM812x/Others/docs/dinkum/c99/strtodx.gif
:FILE /data/datalocal_videoapps01/user/kudva/DM812x/Others/docs/dinkum/c99/strtol.gif
:FILE /data/datalocal_videoapps01/user/kudva/DM812x/Others/docs/dinkum/c99/tgmath.html
:FILE /data/datalocal_videoapps01/user/kudva/DM812x/Others/docs/dinkum/c99/time.gif
:FILE /data/datalocal_videoapps01/user/kudva/DM812x/Others/docs/dinkum/c99/time.html
:FILE /data/datalocal_videoapps01/user/kudva/DM812x/Others/docs/dinkum/c99/wchar.html
:FILE /data/datalocal_videoapps01/user/kudva/DM812x/Others/docs/dinkum/c99/wctype.html
:DIR /data/datalocal_videoapps01/user/kudva/DM812x/Others/docs/dinkum/embedded
:FILE /data/datalocal_videoapps01/user/kudva/DM812x/Others/docs/dinkum/embedded/_index.html
:FILE /data/datalocal_videoapps01/user/kudva/DM812x/Others/docs/dinkum/embedded/assert.html
:FILE /data/datalocal_videoapps01/user/kudva/DM812x/Others/docs/dinkum/embedded/cassert.html
:FILE /data/datalocal_videoapps01/user/kudva/DM812x/Others/docs/dinkum/embedded/cctype.html
:FILE /data/datalocal_videoapps01/user/kudva/DM812x/Others/docs/dinkum/embedded/cerrno.html
:FILE /data/datalocal_videoapps01/user/kudva/DM812x/Others/docs/dinkum/embedded/cfloat.html
:FILE /data/datalocal_videoapps01/user/kudva/DM812x/Others/docs/dinkum/embedded/charset.html
:FILE /data/datalocal_videoapps01/user/kudva/DM812x/Others/docs/dinkum/embedded/climits.html
:FILE /data/datalocal_videoapps01/user/kudva/DM812x/Others/docs/dinkum/embedded/clocale.html
:FILE /data/datalocal_videoapps01/user/kudva/DM812x/Others/docs/dinkum/embedded/cmath.html
:FILE /data/datalocal_videoapps01/user/kudva/DM812x/Others/docs/dinkum/embedded/complex.html
:FILE /data/datalocal_videoapps01/user/kudva/DM812x/Others/docs/dinkum/embedded/crit_pb.html
:FILE /data/datalocal_videoapps01/user/kudva/DM812x/Others/docs/dinkum/embedded/crit_pjp.html
:FILE /data/datalocal_videoapps01/user/kudva/DM812x/Others/docs/dinkum/embedded/csetjmp.html
:FILE /data/datalocal_videoapps01/user/kudva/DM812x/Others/docs/dinkum/embedded/csignal.html
:FILE /data/datalocal_videoapps01/user/kudva/DM812x/Others/docs/dinkum/embedded/cstdarg.html
:FILE /data/datalocal_videoapps01/user/kudva/DM812x/Others/docs/dinkum/embedded/cstddef.html
:FILE /data/datalocal_videoapps01/user/kudva/DM812x/Others/docs/dinkum/embedded/cstdio.html
:FILE /data/datalocal_videoapps01/user/kudva/DM812x/Others/docs/dinkum/embedded/cstdlib.html
:FILE /data/datalocal_videoapps01/user/kudva/DM812x/Others/docs/dinkum/embedded/cstring.html
:FILE /data/datalocal_videoapps01/user/kudva/DM812x/Others/docs/dinkum/embedded/ctime.html
:FILE /data/datalocal_videoapps01/user/kudva/DM812x/Others/docs/dinkum/embedded/ctype.gif
:FILE /data/datalocal_videoapps01/user/kudva/DM812x/Others/docs/dinkum/embedded/ctype.html
:FILE /data/datalocal_videoapps01/user/kudva/DM812x/Others/docs/dinkum/embedded/errno.html
:FILE /data/datalocal_videoapps01/user/kudva/DM812x/Others/docs/dinkum/embedded/escape.gif
:FILE /data/datalocal_videoapps01/user/kudva/DM812x/Others/docs/dinkum/embedded/exceptio.html
:FILE /data/datalocal_videoapps01/user/kudva/DM812x/Others/docs/dinkum/embedded/express.html
:FILE /data/datalocal_videoapps01/user/kudva/DM812x/Others/docs/dinkum/embedded/float.html
:FILE /data/datalocal_videoapps01/user/kudva/DM812x/Others/docs/dinkum/embedded/format.gif
:FILE /data/datalocal_videoapps01/user/kudva/DM812x/Others/docs/dinkum/embedded/fstream.html
:FILE /data/datalocal_videoapps01/user/kudva/DM812x/Others/docs/dinkum/embedded/fstream2.html
:FILE /data/datalocal_videoapps01/user/kudva/DM812x/Others/docs/dinkum/embedded/function.html
:FILE /data/datalocal_videoapps01/user/kudva/DM812x/Others/docs/dinkum/embedded/index.html
:FILE /data/datalocal_videoapps01/user/kudva/DM812x/Others/docs/dinkum/embedded/iomanip.html
:FILE /data/datalocal_videoapps01/user/kudva/DM812x/Others/docs/dinkum/embedded/iomanip2.html
:FILE /data/datalocal_videoapps01/user/kudva/DM812x/Others/docs/dinkum/embedded/ios.html
:FILE /data/datalocal_videoapps01/user/kudva/DM812x/Others/docs/dinkum/embedded/iosfwd.html
:FILE /data/datalocal_videoapps01/user/kudva/DM812x/Others/docs/dinkum/embedded/iostrea2.html
:FILE /data/datalocal_videoapps01/user/kudva/DM812x/Others/docs/dinkum/embedded/iostream.html
:FILE /data/datalocal_videoapps01/user/kudva/DM812x/Others/docs/dinkum/embedded/istream.html
:FILE /data/datalocal_videoapps01/user/kudva/DM812x/Others/docs/dinkum/embedded/lib_cpp.html
:FILE /data/datalocal_videoapps01/user/kudva/DM812x/Others/docs/dinkum/embedded/lib_file.html
:FILE /data/datalocal_videoapps01/user/kudva/DM812x/Others/docs/dinkum/embedded/lib_over.html
:FILE /data/datalocal_videoapps01/user/kudva/DM812x/Others/docs/dinkum/embedded/lib_prin.html
:FILE /data/datalocal_videoapps01/user/kudva/DM812x/Others/docs/dinkum/embedded/lib_scan.html
:FILE /data/datalocal_videoapps01/user/kudva/DM812x/Others/docs/dinkum/embedded/limits.html
:FILE /data/datalocal_videoapps01/user/kudva/DM812x/Others/docs/dinkum/embedded/locale.html
:FILE /data/datalocal_videoapps01/user/kudva/DM812x/Others/docs/dinkum/embedded/math.html
:FILE /data/datalocal_videoapps01/user/kudva/DM812x/Others/docs/dinkum/embedded/new.html
:FILE /data/datalocal_videoapps01/user/kudva/DM812x/Others/docs/dinkum/embedded/new2.html
:FILE /data/datalocal_videoapps01/user/kudva/DM812x/Others/docs/dinkum/embedded/ostream.html
:FILE /data/datalocal_videoapps01/user/kudva/DM812x/Others/docs/dinkum/embedded/preproc.html
:FILE /data/datalocal_videoapps01/user/kudva/DM812x/Others/docs/dinkum/embedded/print.gif
:FILE /data/datalocal_videoapps01/user/kudva/DM812x/Others/docs/dinkum/embedded/README.txt
:FILE /data/datalocal_videoapps01/user/kudva/DM812x/Others/docs/dinkum/embedded/scan.gif
:FILE /data/datalocal_videoapps01/user/kudva/DM812x/Others/docs/dinkum/embedded/setjmp.html
:FILE /data/datalocal_videoapps01/user/kudva/DM812x/Others/docs/dinkum/embedded/signal.html
:FILE /data/datalocal_videoapps01/user/kudva/DM812x/Others/docs/dinkum/embedded/sstream.html
:FILE /data/datalocal_videoapps01/user/kudva/DM812x/Others/docs/dinkum/embedded/stdarg.html
:FILE /data/datalocal_videoapps01/user/kudva/DM812x/Others/docs/dinkum/embedded/stddef.html
:FILE /data/datalocal_videoapps01/user/kudva/DM812x/Others/docs/dinkum/embedded/stdexcep.html
:FILE /data/datalocal_videoapps01/user/kudva/DM812x/Others/docs/dinkum/embedded/stdio.html
:FILE /data/datalocal_videoapps01/user/kudva/DM812x/Others/docs/dinkum/embedded/stdlib.html
:FILE /data/datalocal_videoapps01/user/kudva/DM812x/Others/docs/dinkum/embedded/stream.gif
:FILE /data/datalocal_videoapps01/user/kudva/DM812x/Others/docs/dinkum/embedded/streambu.html
:FILE /data/datalocal_videoapps01/user/kudva/DM812x/Others/docs/dinkum/embedded/string.html
:FILE /data/datalocal_videoapps01/user/kudva/DM812x/Others/docs/dinkum/embedded/string2.html
:FILE /data/datalocal_videoapps01/user/kudva/DM812x/Others/docs/dinkum/embedded/strstrea.html
:FILE /data/datalocal_videoapps01/user/kudva/DM812x/Others/docs/dinkum/embedded/strtod.gif
:FILE /data/datalocal_videoapps01/user/kudva/DM812x/Others/docs/dinkum/embedded/strtod0.gif
:FILE /data/datalocal_videoapps01/user/kudva/DM812x/Others/docs/dinkum/embedded/strtodx.gif
:FILE /data/datalocal_videoapps01/user/kudva/DM812x/Others/docs/dinkum/embedded/strtol.gif
:FILE /data/datalocal_videoapps01/user/kudva/DM812x/Others/docs/dinkum/embedded/time.gif
:FILE /data/datalocal_videoapps01/user/kudva/DM812x/Others/docs/dinkum/embedded/time.html
:DIR /data/datalocal_videoapps01/user/kudva/DM812x/Others/include
:FILE /data/datalocal_videoapps01/user/kudva/DM812x/Others/include/_fmt_specifier.h
:FILE /data/datalocal_videoapps01/user/kudva/DM812x/Others/include/_isfuncdcl.h
:FILE /data/datalocal_videoapps01/user/kudva/DM812x/Others/include/_isfuncdef.h
:FILE /data/datalocal_videoapps01/user/kudva/DM812x/Others/include/_lock.h
:FILE /data/datalocal_videoapps01/user/kudva/DM812x/Others/include/access.h
:FILE /data/datalocal_videoapps01/user/kudva/DM812x/Others/include/algorithm
:FILE /data/datalocal_videoapps01/user/kudva/DM812x/Others/include/assert.h
:FILE /data/datalocal_videoapps01/user/kudva/DM812x/Others/include/bitset
:FILE /data/datalocal_videoapps01/user/kudva/DM812x/Others/include/cassert
:FILE /data/datalocal_videoapps01/user/kudva/DM812x/Others/include/cctype
:FILE /data/datalocal_videoapps01/user/kudva/DM812x/Others/include/cerrno
:FILE /data/datalocal_videoapps01/user/kudva/DM812x/Others/include/cfloat
:FILE /data/datalocal_videoapps01/user/kudva/DM812x/Others/include/ciso646
:FILE /data/datalocal_videoapps01/user/kudva/DM812x/Others/include/climits
:FILE /data/datalocal_videoapps01/user/kudva/DM812x/Others/include/clocale
:FILE /data/datalocal_videoapps01/user/kudva/DM812x/Others/include/cmath
:FILE /data/datalocal_videoapps01/user/kudva/DM812x/Others/include/Compiler.h
:FILE /data/datalocal_videoapps01/user/kudva/DM812x/Others/include/Compiler_Cfg.h
:FILE /data/datalocal_videoapps01/user/kudva/DM812x/Others/include/complex
:FILE /data/datalocal_videoapps01/user/kudva/DM812x/Others/include/cpy_tbl.h
:FILE /data/datalocal_videoapps01/user/kudva/DM812x/Others/include/crc_tbl.h
:FILE /data/datalocal_videoapps01/user/kudva/DM812x/Others/include/csetjmp
:FILE /data/datalocal_videoapps01/user/kudva/DM812x/Others/include/csignal
:FILE /data/datalocal_videoapps01/user/kudva/DM812x/Others/include/cstdarg
:FILE /data/datalocal_videoapps01/user/kudva/DM812x/Others/include/cstddef
:FILE /data/datalocal_videoapps01/user/kudva/DM812x/Others/include/cstdio
:FILE /data/datalocal_videoapps01/user/kudva/DM812x/Others/include/cstdlib
:FILE /data/datalocal_videoapps01/user/kudva/DM812x/Others/include/cstring
:FILE /data/datalocal_videoapps01/user/kudva/DM812x/Others/include/ctime
:FILE /data/datalocal_videoapps01/user/kudva/DM812x/Others/include/ctype.h
:FILE /data/datalocal_videoapps01/user/kudva/DM812x/Others/include/cwchar
:FILE /data/datalocal_videoapps01/user/kudva/DM812x/Others/include/cwctype
:FILE /data/datalocal_videoapps01/user/kudva/DM812x/Others/include/deque
:FILE /data/datalocal_videoapps01/user/kudva/DM812x/Others/include/elf_linkage.h
:FILE /data/datalocal_videoapps01/user/kudva/DM812x/Others/include/errno.h
:FILE /data/datalocal_videoapps01/user/kudva/DM812x/Others/include/etsi.h
:FILE /data/datalocal_videoapps01/user/kudva/DM812x/Others/include/exception
:FILE /data/datalocal_videoapps01/user/kudva/DM812x/Others/include/fenv.h
:FILE /data/datalocal_videoapps01/user/kudva/DM812x/Others/include/file.h
:FILE /data/datalocal_videoapps01/user/kudva/DM812x/Others/include/float.h
:FILE /data/datalocal_videoapps01/user/kudva/DM812x/Others/include/fstream
:FILE /data/datalocal_videoapps01/user/kudva/DM812x/Others/include/fstream.h
:FILE /data/datalocal_videoapps01/user/kudva/DM812x/Others/include/functional
:FILE /data/datalocal_videoapps01/user/kudva/DM812x/Others/include/hash_map
:FILE /data/datalocal_videoapps01/user/kudva/DM812x/Others/include/hash_set
:FILE /data/datalocal_videoapps01/user/kudva/DM812x/Others/include/inttypes.h
:FILE /data/datalocal_videoapps01/user/kudva/DM812x/Others/include/iomanip
:FILE /data/datalocal_videoapps01/user/kudva/DM812x/Others/include/iomanip.h
:FILE /data/datalocal_videoapps01/user/kudva/DM812x/Others/include/ios
:FILE /data/datalocal_videoapps01/user/kudva/DM812x/Others/include/iosfwd
:FILE /data/datalocal_videoapps01/user/kudva/DM812x/Others/include/iostream
:FILE /data/datalocal_videoapps01/user/kudva/DM812x/Others/include/iostream.h
:FILE /data/datalocal_videoapps01/user/kudva/DM812x/Others/include/iso646.h
:FILE /data/datalocal_videoapps01/user/kudva/DM812x/Others/include/istream
:FILE /data/datalocal_videoapps01/user/kudva/DM812x/Others/include/iterator
:FILE /data/datalocal_videoapps01/user/kudva/DM812x/Others/include/limits
:FILE /data/datalocal_videoapps01/user/kudva/DM812x/Others/include/limits.h
:FILE /data/datalocal_videoapps01/user/kudva/DM812x/Others/include/linkage.h
:FILE /data/datalocal_videoapps01/user/kudva/DM812x/Others/include/list
:FILE /data/datalocal_videoapps01/user/kudva/DM812x/Others/include/locale
:FILE /data/datalocal_videoapps01/user/kudva/DM812x/Others/include/locale.h
:FILE /data/datalocal_videoapps01/user/kudva/DM812x/Others/include/map
:FILE /data/datalocal_videoapps01/user/kudva/DM812x/Others/include/math.h
:FILE /data/datalocal_videoapps01/user/kudva/DM812x/Others/include/mathcpp.h
:FILE /data/datalocal_videoapps01/user/kudva/DM812x/Others/include/memory
:FILE /data/datalocal_videoapps01/user/kudva/DM812x/Others/include/new
:FILE /data/datalocal_videoapps01/user/kudva/DM812x/Others/include/new.h
:FILE /data/datalocal_videoapps01/user/kudva/DM812x/Others/include/numeric
:FILE /data/datalocal_videoapps01/user/kudva/DM812x/Others/include/ostream
:FILE /data/datalocal_videoapps01/user/kudva/DM812x/Others/include/Platform_Types.h
:FILE /data/datalocal_videoapps01/user/kudva/DM812x/Others/include/queue
:FILE /data/datalocal_videoapps01/user/kudva/DM812x/Others/include/rope
:FILE /data/datalocal_videoapps01/user/kudva/DM812x/Others/include/set
:FILE /data/datalocal_videoapps01/user/kudva/DM812x/Others/include/setjmp.h
:FILE /data/datalocal_videoapps01/user/kudva/DM812x/Others/include/signal.h
:FILE /data/datalocal_videoapps01/user/kudva/DM812x/Others/include/slist
:FILE /data/datalocal_videoapps01/user/kudva/DM812x/Others/include/sstream
:FILE /data/datalocal_videoapps01/user/kudva/DM812x/Others/include/stack
:FILE /data/datalocal_videoapps01/user/kudva/DM812x/Others/include/Std_Types.h
:FILE /data/datalocal_videoapps01/user/kudva/DM812x/Others/include/stdarg.h
:FILE /data/datalocal_videoapps01/user/kudva/DM812x/Others/include/stdbool.h
:FILE /data/datalocal_videoapps01/user/kudva/DM812x/Others/include/stddef.h
:FILE /data/datalocal_videoapps01/user/kudva/DM812x/Others/include/stdexcept
:FILE /data/datalocal_videoapps01/user/kudva/DM812x/Others/include/stdint.h
:FILE /data/datalocal_videoapps01/user/kudva/DM812x/Others/include/stdio.h
:FILE /data/datalocal_videoapps01/user/kudva/DM812x/Others/include/stdiostream.h
:FILE /data/datalocal_videoapps01/user/kudva/DM812x/Others/include/stdlib.h
:FILE /data/datalocal_videoapps01/user/kudva/DM812x/Others/include/stl.h
:FILE /data/datalocal_videoapps01/user/kudva/DM812x/Others/include/streambuf
:FILE /data/datalocal_videoapps01/user/kudva/DM812x/Others/include/string
:FILE /data/datalocal_videoapps01/user/kudva/DM812x/Others/include/string.h
:FILE /data/datalocal_videoapps01/user/kudva/DM812x/Others/include/strstream
:FILE /data/datalocal_videoapps01/user/kudva/DM812x/Others/include/strstream.h
:FILE /data/datalocal_videoapps01/user/kudva/DM812x/Others/include/time.h
:FILE /data/datalocal_videoapps01/user/kudva/DM812x/Others/include/typeinfo
:FILE /data/datalocal_videoapps01/user/kudva/DM812x/Others/include/unaccess.h
:FILE /data/datalocal_videoapps01/user/kudva/DM812x/Others/include/utility
:FILE /data/datalocal_videoapps01/user/kudva/DM812x/Others/include/valarray
:FILE /data/datalocal_videoapps01/user/kudva/DM812x/Others/include/vector
:FILE /data/datalocal_videoapps01/user/kudva/DM812x/Others/include/wchar.h
:FILE /data/datalocal_videoapps01/user/kudva/DM812x/Others/include/wchar.hx
:FILE /data/datalocal_videoapps01/user/kudva/DM812x/Others/include/wctype.h
:FILE /data/datalocal_videoapps01/user/kudva/DM812x/Others/include/xcomplex
:FILE /data/datalocal_videoapps01/user/kudva/DM812x/Others/include/xdebug
:FILE /data/datalocal_videoapps01/user/kudva/DM812x/Others/include/xhash
:FILE /data/datalocal_videoapps01/user/kudva/DM812x/Others/include/xiosbase
:FILE /data/datalocal_videoapps01/user/kudva/DM812x/Others/include/xlocale
:FILE /data/datalocal_videoapps01/user/kudva/DM812x/Others/include/xlocinfo
:FILE /data/datalocal_videoapps01/user/kudva/DM812x/Others/include/xlocinfo.h
:FILE /data/datalocal_videoapps01/user/kudva/DM812x/Others/include/xlocmes
:FILE /data/datalocal_videoapps01/user/kudva/DM812x/Others/include/xlocmon
:FILE /data/datalocal_videoapps01/user/kudva/DM812x/Others/include/xlocnum
:FILE /data/datalocal_videoapps01/user/kudva/DM812x/Others/include/xloctime
:FILE /data/datalocal_videoapps01/user/kudva/DM812x/Others/include/xmemory
:FILE /data/datalocal_videoapps01/user/kudva/DM812x/Others/include/xstddef
:FILE /data/datalocal_videoapps01/user/kudva/DM812x/Others/include/xstring
:FILE /data/datalocal_videoapps01/user/kudva/DM812x/Others/include/xtree
:FILE /data/datalocal_videoapps01/user/kudva/DM812x/Others/include/xutility
:FILE /data/datalocal_videoapps01/user/kudva/DM812x/Others/include/xwcc.h
:FILE /data/datalocal_videoapps01/user/kudva/DM812x/Others/include/ymath.h
:FILE /data/datalocal_videoapps01/user/kudva/DM812x/Others/include/yvals.h
:DIR /data/datalocal_videoapps01/user/kudva/DM812x/Others/lib
:FILE /data/datalocal_videoapps01/user/kudva/DM812x/Others/lib/libc.a
:FILE /data/datalocal_videoapps01/user/kudva/DM812x/Others/lib/lnk.cmd
:FILE /data/datalocal_videoapps01/user/kudva/DM812x/Others/lib/mklib
:FILE /data/datalocal_videoapps01/user/kudva/DM812x/Others/lib/mklib.c
:FILE /data/datalocal_videoapps01/user/kudva/DM812x/Others/lib/mklib.exe
:FILE /data/datalocal_videoapps01/user/kudva/DM812x/Others/lib/RTS_4_9_5_Manifest.pdf
:FILE /data/datalocal_videoapps01/user/kudva/DM812x/Others/lib/rtssrc.zip
:FILE /data/datalocal_videoapps01/user/kudva/DM812x/Others/lib/rtsv5_A_le_eabi.lib
:FILE /data/datalocal_videoapps01/user/kudva/DM812x/Others/lib/rtsv7A8_T_le_n_v3_eabi.lib
:FILE /data/datalocal_videoapps01/user/kudva/DM812x/Others/lib/rtsv7M3_T_le_eabi.lib
:FILE /data/datalocal_videoapps01/user/kudva/DM812x/Others/lib/rtsv7M3_T_le_xo_eabi.lib
:FILE /data/datalocal_videoapps01/user/kudva/DM812x/Others/lib/rtsv7M4_T_le_v4SPD16_eabi.lib
:FILE /data/datalocal_videoapps01/user/kudva/DM812x/Others/lib/rtsv7M4_T_le_v4SPD16_xo_eabi.lib
:FILE /data/datalocal_videoapps01/user/kudva/DM812x/Others/lib/rtsv7R4_T_be_eabi.lib
:FILE /data/datalocal_videoapps01/user/kudva/DM812x/Others/lib/rtsv7R4_T_be_v3D16_eabi.lib
:FILE /data/datalocal_videoapps01/user/kudva/DM812x/Others/lib/rtsv7R4_T_le_v3D16_eabi.lib
:DIR /data/datalocal_videoapps01/user/kudva/DM812x/Others/man
:DIR /data/datalocal_videoapps01/user/kudva/DM812x/Others/man/man1
:FILE /data/datalocal_videoapps01/user/kudva/DM812x/Others/man/man1/abs470.1
:FILE /data/datalocal_videoapps01/user/kudva/DM812x/Others/man/man1/acp470.1
:FILE /data/datalocal_videoapps01/user/kudva/DM812x/Others/man/man1/acpia470.1
:FILE /data/datalocal_videoapps01/user/kudva/DM812x/Others/man/man1/asm470.1
:FILE /data/datalocal_videoapps01/user/kudva/DM812x/Others/man/man1/cbeia470.1
:FILE /data/datalocal_videoapps01/user/kudva/DM812x/Others/man/man1/cg470.1
:FILE /data/datalocal_videoapps01/user/kudva/DM812x/Others/man/man1/cg470g3.1
:FILE /data/datalocal_videoapps01/user/kudva/DM812x/Others/man/man1/cl470.1
:FILE /data/datalocal_videoapps01/user/kudva/DM812x/Others/man/man1/dis470.1
:FILE /data/datalocal_videoapps01/user/kudva/DM812x/Others/man/man1/embed470.1
:FILE /data/datalocal_videoapps01/user/kudva/DM812x/Others/man/man1/hex470.1
:FILE /data/datalocal_videoapps01/user/kudva/DM812x/Others/man/man1/ilk470.1
:FILE /data/datalocal_videoapps01/user/kudva/DM812x/Others/man/man1/libinfo470.1
:FILE /data/datalocal_videoapps01/user/kudva/DM812x/Others/man/man1/lnk470.1
:FILE /data/datalocal_videoapps01/user/kudva/DM812x/Others/man/man1/nm470.1
:FILE /data/datalocal_videoapps01/user/kudva/DM812x/Others/man/man1/ofd470.1
:FILE /data/datalocal_videoapps01/user/kudva/DM812x/Others/man/man1/opt470.1
:FILE /data/datalocal_videoapps01/user/kudva/DM812x/Others/man/man1/strip470.1
:FILE /data/datalocal_videoapps01/user/kudva/DM812x/Others/man/man1/xref470.1
:FILE /data/datalocal_videoapps01/user/kudva/DM812x/Others/install.log
